<testsuites name="PARALLEL_TESTS" tests="0" failures="0" />